2015-01-31 13:29:51.974 HelloWorld[45669:1441276] DiskCookieStorage changing policy from 2 to 0, cookie file: file:///Users/alexandre/Library/Developer/CoreSimulator/Devices/89D0E6C9-8CF2-416E-890E-B32BDB7290FF/data/Containers/Data/Application/11A4C221-EBE8-4540-93F9-FB79E04FC7DB/Library/Cookies/Cookies.binarycookies
2015-01-31 13:29:52.047 HelloWorld[45669:1441276] Multi-tasking -> Device: YES, App: YES
2015-01-31 13:29:52.064 HelloWorld[45669:1441276] Unlimited access to network resources
2015-01-31 13:29:52.067 HelloWorld[45669:1441276] 

Started backup to iCloud! Please be careful.
Your application might rejected by Apple if you store too much data.
For more information please read "iOS Data Storage Guidelines"
You could find it at the following address https://developer.apple.com/icloud/documentation/data-storage/ .

2015-01-31 13:29:53.065 HelloWorld[45669:1441276] Resetting plugins due to page load.
2015-01-31 13:29:53.154 HelloWorld[45669:1441276] Finished load of: file:///Users/alexandre/Library/Developer/CoreSimulator/Devices/89D0E6C9-8CF2-416E-890E-B32BDB7290FF/data/Containers/Bundle/Application/1EE29483-BAD0-440C-8B7E-DA7401E3C6C7/HelloWorld.app/www/index.html
2015-01-31 13:59:38.391 HelloWorld[46727:1455869] DiskCookieStorage changing policy from 2 to 0, cookie file: file:///Users/alexandre/Library/Developer/CoreSimulator/Devices/89D0E6C9-8CF2-416E-890E-B32BDB7290FF/data/Containers/Data/Application/1FF09C8C-70CD-4146-98D5-A8ED316D2C81/Library/Cookies/Cookies.binarycookies
2015-01-31 13:59:38.449 HelloWorld[46727:1455869] Multi-tasking -> Device: YES, App: YES
2015-01-31 13:59:38.466 HelloWorld[46727:1455869] Unlimited access to network resources
2015-01-31 13:59:38.468 HelloWorld[46727:1455869] 

Started backup to iCloud! Please be careful.
Your application might rejected by Apple if you store too much data.
For more information please read "iOS Data Storage Guidelines"
You could find it at the following address https://developer.apple.com/icloud/documentation/data-storage/ .

2015-01-31 13:59:38.956 HelloWorld[46727:1455869] Resetting plugins due to page load.
2015-01-31 13:59:39.041 HelloWorld[46727:1455869] Finished load of: file:///Users/alexandre/Library/Developer/CoreSimulator/Devices/89D0E6C9-8CF2-416E-890E-B32BDB7290FF/data/Containers/Bundle/Application/E5F1591A-0B46-4B5F-947A-3BD6EF2F3531/HelloWorld.app/www/index.html
2015-01-31 14:04:03.593 HelloWorld[47252:1459252] DiskCookieStorage changing policy from 2 to 0, cookie file: file:///Users/alexandre/Library/Developer/CoreSimulator/Devices/89D0E6C9-8CF2-416E-890E-B32BDB7290FF/data/Containers/Data/Application/F41F7932-7A52-4247-9C95-ED84F5A53731/Library/Cookies/Cookies.binarycookies
2015-01-31 14:04:03.659 HelloWorld[47252:1459252] Multi-tasking -> Device: YES, App: YES
2015-01-31 14:04:03.663 HelloWorld[47252:1459252] Unlimited access to network resources
2015-01-31 14:04:03.665 HelloWorld[47252:1459252] 

Started backup to iCloud! Please be careful.
Your application might rejected by Apple if you store too much data.
For more information please read "iOS Data Storage Guidelines"
You could find it at the following address https://developer.apple.com/icloud/documentation/data-storage/ .

2015-01-31 14:04:03.861 HelloWorld[47252:1459252] Resetting plugins due to page load.
2015-01-31 14:04:03.911 HelloWorld[47252:1459252] Finished load of: file:///Users/alexandre/Library/Developer/CoreSimulator/Devices/89D0E6C9-8CF2-416E-890E-B32BDB7290FF/data/Containers/Bundle/Application/FE9B44CB-1A1D-4174-963B-39D09205B7A0/HelloWorld.app/www/index.html
